<?xml version="1.0" encoding="UTF-8"?>
<!-- Generated by org.testng.reporters.JUnitXMLReporter -->
<testsuite ignored="0" hostname="DESKTOP-NH3DV7T" failures="1" tests="3" name="Test" time="93.31" errors="0" timestamp="2021-05-06T22:34:30 IST">
  <testcase classname="BatchExecution.Sample1" name="demo1" time="0.0">
    <failure type="org.testng.TestNGException" message="
Parameter &amp;apos;Browser&amp;apos; is required by @Test on method demo1 but has not been marked @Optional or defined
in C:\Users\mahantesh\eclipse-workspace\vtiger\testng.xml">
      <![CDATA[org.testng.TestNGException: 
Parameter 'Browser' is required by @Test on method demo1 but has not been marked @Optional or defined
in C:\Users\mahantesh\eclipse-workspace\vtiger\testng.xml
at java.base/java.util.concurrent.ThreadPoolExecutor.runWorker(ThreadPoolExecutor.java:1130)
at java.base/java.util.concurrent.ThreadPoolExecutor$Worker.run(ThreadPoolExecutor.java:630)
at java.base/java.lang.Thread.run(Thread.java:832)
... Removed 11 stack frames]]>
    </failure>
  </testcase> <!-- demo1 -->
  <testcase classname="BatchExecution.Sample3" name="demo1" time="0.004"/>
  <testcase classname="BatchExecution.Sample2" name="demo1" time="0.002"/>
</testsuite> <!-- Test -->
